F
======================================================================
FAIL: test_skill_adapter_workflow (__main__.TestIntegration.test_skill_adapter_workflow)
Test the full workflow via SkillAdapter.
----------------------------------------------------------------------
Traceback (most recent call last):
  File "M:\Hegemonikon\forge\prompt-lang\test_integration.py", line 33, in test_skill_adapter_workflow
    self.assertEqual(matches[0]["name"], Path(filepath).stem)
    ~~~~~~~~~~~~~~~~^^^^^^^^^^^^^^^^^^^^^^^^^^^^^^^^^^^^^^^^^
AssertionError: '20260121_1349_integration_test_adapter' != '20260121_1356_integration_test_adapter'
- 20260121_1349_integration_test_adapter
?            ^^
+ 20260121_1356_integration_test_adapter
?            ^^


----------------------------------------------------------------------
Ran 1 test in 0.005s

FAILED (failures=1)
